The system is: Windows - 10.0.17763 - AMD64
Compiling the C compiler identification source file "CMakeCCompilerId.c" succeeded.
Compiler: C:/Program Files (x86)/Microsoft Visual Studio/2017/Community/VC/Tools/MSVC/14.16.27023/bin/Hostx86/x86/cl.exe 
Build flags: 
Id flags:  

The output was:
0
Microsoft (R) C/C++ Optimizing Compiler Version 19.16.27026.1 for x86
Copyright (C) Microsoft Corporation.  All rights reserved.

CMakeCCompilerId.c
Microsoft (R) Incremental Linker Version 14.16.27026.1
Copyright (C) Microsoft Corporation.  All rights reserved.

/out:CMakeCCompilerId.exe 
CMakeCCompilerId.obj 


Compilation of the C compiler identification source "CMakeCCompilerId.c" produced "CMakeCCompilerId.exe"

Compilation of the C compiler identification source "CMakeCCompilerId.c" produced "CMakeCCompilerId.obj"

The C compiler identification is MSVC, found in "C:/Users/philt/Dropbox/Courses/CS380/4_assignment2/acctdb/cmake-build-debug/CMakeFiles/3.13.2/CompilerIdC/CMakeCCompilerId.exe"

Determining if the C compiler works passed with the following output:
Change Dir: C:/Users/philt/Dropbox/Courses/CS380/4_assignment2/acctdb/cmake-build-debug/CMakeFiles/CMakeTmp

Run Build Command:"nmake" "/nologo" "cmTC_75f8e\fast"
	"C:\Program Files (x86)\Microsoft Visual Studio\2017\Community\VC\Tools\MSVC\14.16.27023\bin\HostX86\x86\nmake.exe" -f CMakeFiles\cmTC_75f8e.dir\build.make /nologo -L                  CMakeFiles\cmTC_75f8e.dir\build
Building C object CMakeFiles/cmTC_75f8e.dir/testCCompiler.c.obj
	C:\PROGRA~2\MICROS~1\2017\COMMUN~1\VC\Tools\MSVC\1416~1.270\bin\Hostx86\x86\cl.exe @C:\Users\philt\AppData\Local\Temp\nmC74D.tmp
testCCompiler.c
Linking C executable cmTC_75f8e.exe
	"C:\Program Files\JetBrains\CLion 2018.3.4\bin\cmake\win\bin\cmake.exe" -E vs_link_exe --intdir=CMakeFiles\cmTC_75f8e.dir --manifests  -- C:\PROGRA~2\MICROS~1\2017\COMMUN~1\VC\Tools\MSVC\1416~1.270\bin\Hostx86\x86\link.exe /nologo @CMakeFiles\cmTC_75f8e.dir\objects1.rsp @C:\Users\philt\AppData\Local\Temp\nmCA4C.tmp


Detecting C compiler ABI info compiled with the following output:
Change Dir: C:/Users/philt/Dropbox/Courses/CS380/4_assignment2/acctdb/cmake-build-debug/CMakeFiles/CMakeTmp

Run Build Command:"nmake" "/nologo" "cmTC_821d4\fast"
	"C:\Program Files (x86)\Microsoft Visual Studio\2017\Community\VC\Tools\MSVC\14.16.27023\bin\HostX86\x86\nmake.exe" -f CMakeFiles\cmTC_821d4.dir\build.make /nologo -L                  CMakeFiles\cmTC_821d4.dir\build
Building C object CMakeFiles/cmTC_821d4.dir/CMakeCCompilerABI.c.obj
	C:\PROGRA~2\MICROS~1\2017\COMMUN~1\VC\Tools\MSVC\1416~1.270\bin\Hostx86\x86\cl.exe @C:\Users\philt\AppData\Local\Temp\nmD43D.tmp
CMakeCCompilerABI.c
Linking C executable cmTC_821d4.exe
	"C:\Program Files\JetBrains\CLion 2018.3.4\bin\cmake\win\bin\cmake.exe" -E vs_link_exe --intdir=CMakeFiles\cmTC_821d4.dir --manifests  -- C:\PROGRA~2\MICROS~1\2017\COMMUN~1\VC\Tools\MSVC\1416~1.270\bin\Hostx86\x86\link.exe /nologo @CMakeFiles\cmTC_821d4.dir\objects1.rsp @C:\Users\philt\AppData\Local\Temp\nmE006.tmp




Detecting C [] compiler features compiled with the following output:
Change Dir: C:/Users/philt/Dropbox/Courses/CS380/4_assignment2/acctdb/cmake-build-debug/CMakeFiles/CMakeTmp

Run Build Command:"nmake" "/nologo" "cmTC_2c197\fast"
	"C:\Program Files (x86)\Microsoft Visual Studio\2017\Community\VC\Tools\MSVC\14.16.27023\bin\HostX86\x86\nmake.exe" -f CMakeFiles\cmTC_2c197.dir\build.make /nologo -L                  CMakeFiles\cmTC_2c197.dir\build
Building C object CMakeFiles/cmTC_2c197.dir/feature_tests.c.obj
	C:\PROGRA~2\MICROS~1\2017\COMMUN~1\VC\Tools\MSVC\1416~1.270\bin\Hostx86\x86\cl.exe @C:\Users\philt\AppData\Local\Temp\nmEBFC.tmp
feature_tests.c
Linking C executable cmTC_2c197.exe
	"C:\Program Files\JetBrains\CLion 2018.3.4\bin\cmake\win\bin\cmake.exe" -E vs_link_exe --intdir=CMakeFiles\cmTC_2c197.dir --manifests  -- C:\PROGRA~2\MICROS~1\2017\COMMUN~1\VC\Tools\MSVC\1416~1.270\bin\Hostx86\x86\link.exe /nologo @CMakeFiles\cmTC_2c197.dir\objects1.rsp @C:\Users\philt\AppData\Local\Temp\nmEEBC.tmp


    Feature record: C_FEATURE:1c_function_prototypes
    Feature record: C_FEATURE:1c_variadic_macros
